<?xml version="1.0" encoding="UTF-8"?>
<!-- Generated by org.testng.reporters.JUnitReportReporter -->
<testsuite hostname="rakshas-MacBook-Air.local" failures="0" tests="1" name="com.automation.tests.GoogleSearchTest" time="4.695" errors="0" timestamp="2025-08-22T20:10:42 IST" skipped="0">
  <testcase classname="com.automation.tests.GoogleSearchTest" name="testGoogleSearch" time="4.695"/>
</testsuite> <!-- com.automation.tests.GoogleSearchTest -->
