<?xml version="1.0" encoding="UTF-8"?>
<!-- Generated by org.testng.reporters.JUnitReportReporter -->
<testsuite hostname="rakshas-MacBook-Air.local" failures="0" tests="1" name="com.automation.tests.GoogleSearchTest" time="3.396" errors="0" timestamp="2025-08-23T14:27:16 IST" skipped="0">
  <testcase classname="com.automation.tests.GoogleSearchTest" name="testGoogleSearch" time="3.396"/>
</testsuite> <!-- com.automation.tests.GoogleSearchTest -->
